0 info it worked if it ends with ok
1 verbose cli [ '/Users/samuelsanthosh/.nvm/versions/node/v5.12.0/bin/node',
1 verbose cli   '/Users/samuelsanthosh/.nvm/versions/node/v5.12.0/bin/npm',
1 verbose cli   'install',
1 verbose cli   '--save',
1 verbose cli   'css-modules-loader' ]
2 info using npm@3.8.6
3 info using node@v5.12.0
4 silly loadCurrentTree Starting
5 silly install loadCurrentTree
6 silly install readLocalPackageData
7 silly fetchPackageMetaData css-modules-loader
8 silly fetchNamedPackageData css-modules-loader
9 silly mapToRegistry name css-modules-loader
10 silly mapToRegistry using default registry
11 silly mapToRegistry registry https://registry.npmjs.org/
12 silly mapToRegistry data Result {
12 silly mapToRegistry   raw: 'css-modules-loader',
12 silly mapToRegistry   scope: null,
12 silly mapToRegistry   name: 'css-modules-loader',
12 silly mapToRegistry   rawSpec: '',
12 silly mapToRegistry   spec: 'latest',
12 silly mapToRegistry   type: 'tag' }
13 silly mapToRegistry uri https://registry.npmjs.org/css-modules-loader
14 verbose request uri https://registry.npmjs.org/css-modules-loader
15 verbose request no auth needed
16 info attempt registry request try #1 at 1:52:27 PM
17 verbose request id e28c81e7e7bd85e3
18 http request GET https://registry.npmjs.org/css-modules-loader
19 http 404 https://registry.npmjs.org/css-modules-loader
20 verbose headers { date: 'Tue, 11 Jun 2019 08:22:28 GMT',
20 verbose headers   'content-type': 'application/json',
20 verbose headers   'content-length': '21',
20 verbose headers   connection: 'keep-alive',
20 verbose headers   'set-cookie': [ '__cfduid=dedaf055056b0e58becc4817fa1d03d101560241347; expires=Wed, 10-Jun-20 08:22:27 GMT; path=/; domain=.npmjs.org; HttpOnly' ],
20 verbose headers   'cf-cache-status': 'MISS',
20 verbose headers   'cache-control': 'max-age=300',
20 verbose headers   'cf-ray': '4e522d644cf02da7-BOM',
20 verbose headers   'expect-ct': 'max-age=604800, report-uri="https://report-uri.cloudflare.com/cdn-cgi/beacon/expect-ct"',
20 verbose headers   vary: 'accept-encoding, accept',
20 verbose headers   server: 'cloudflare' }
21 silly get cb [ 404,
21 silly get   { date: 'Tue, 11 Jun 2019 08:22:28 GMT',
21 silly get     'content-type': 'application/json',
21 silly get     'content-length': '21',
21 silly get     connection: 'keep-alive',
21 silly get     'set-cookie': [ '__cfduid=dedaf055056b0e58becc4817fa1d03d101560241347; expires=Wed, 10-Jun-20 08:22:27 GMT; path=/; domain=.npmjs.org; HttpOnly' ],
21 silly get     'cf-cache-status': 'MISS',
21 silly get     'cache-control': 'max-age=300',
21 silly get     'cf-ray': '4e522d644cf02da7-BOM',
21 silly get     'expect-ct': 'max-age=604800, report-uri="https://report-uri.cloudflare.com/cdn-cgi/beacon/expect-ct"',
21 silly get     vary: 'accept-encoding, accept',
21 silly get     server: 'cloudflare' } ]
22 silly fetchPackageMetaData Error: Not found : css-modules-loader
22 silly fetchPackageMetaData     at makeError (/Users/samuelsanthosh/.nvm/versions/node/v5.12.0/lib/node_modules/npm/node_modules/npm-registry-client/lib/request.js:264:12)
22 silly fetchPackageMetaData     at CachingRegistryClient.<anonymous> (/Users/samuelsanthosh/.nvm/versions/node/v5.12.0/lib/node_modules/npm/node_modules/npm-registry-client/lib/request.js:252:14)
22 silly fetchPackageMetaData     at Request._callback (/Users/samuelsanthosh/.nvm/versions/node/v5.12.0/lib/node_modules/npm/node_modules/npm-registry-client/lib/request.js:172:14)
22 silly fetchPackageMetaData     at Request.self.callback (/Users/samuelsanthosh/.nvm/versions/node/v5.12.0/lib/node_modules/npm/node_modules/request/request.js:199:22)
22 silly fetchPackageMetaData     at emitTwo (events.js:100:13)
22 silly fetchPackageMetaData     at Request.emit (events.js:185:7)
22 silly fetchPackageMetaData     at Request.<anonymous> (/Users/samuelsanthosh/.nvm/versions/node/v5.12.0/lib/node_modules/npm/node_modules/request/request.js:1036:10)
22 silly fetchPackageMetaData     at emitOne (events.js:95:20)
22 silly fetchPackageMetaData     at Request.emit (events.js:182:7)
22 silly fetchPackageMetaData     at IncomingMessage.<anonymous> (/Users/samuelsanthosh/.nvm/versions/node/v5.12.0/lib/node_modules/npm/node_modules/request/request.js:963:12)
22 silly fetchPackageMetaData  error for css-modules-loader { [Error: Not found : css-modules-loader] pkgid: 'css-modules-loader', statusCode: 404, code: 'E404' }
23 silly rollbackFailedOptional Starting
24 silly rollbackFailedOptional Finishing
25 silly runTopLevelLifecycles Starting
26 silly runTopLevelLifecycles Finishing
27 silly install printInstalled
28 verbose stack Error: Not found : css-modules-loader
28 verbose stack     at makeError (/Users/samuelsanthosh/.nvm/versions/node/v5.12.0/lib/node_modules/npm/node_modules/npm-registry-client/lib/request.js:264:12)
28 verbose stack     at CachingRegistryClient.<anonymous> (/Users/samuelsanthosh/.nvm/versions/node/v5.12.0/lib/node_modules/npm/node_modules/npm-registry-client/lib/request.js:252:14)
28 verbose stack     at Request._callback (/Users/samuelsanthosh/.nvm/versions/node/v5.12.0/lib/node_modules/npm/node_modules/npm-registry-client/lib/request.js:172:14)
28 verbose stack     at Request.self.callback (/Users/samuelsanthosh/.nvm/versions/node/v5.12.0/lib/node_modules/npm/node_modules/request/request.js:199:22)
28 verbose stack     at emitTwo (events.js:100:13)
28 verbose stack     at Request.emit (events.js:185:7)
28 verbose stack     at Request.<anonymous> (/Users/samuelsanthosh/.nvm/versions/node/v5.12.0/lib/node_modules/npm/node_modules/request/request.js:1036:10)
28 verbose stack     at emitOne (events.js:95:20)
28 verbose stack     at Request.emit (events.js:182:7)
28 verbose stack     at IncomingMessage.<anonymous> (/Users/samuelsanthosh/.nvm/versions/node/v5.12.0/lib/node_modules/npm/node_modules/request/request.js:963:12)
29 verbose statusCode 404
30 verbose pkgid css-modules-loader
31 verbose cwd /Users/samuelsanthosh/dev/react-on-rails
32 error Darwin 15.6.0
33 error argv "/Users/samuelsanthosh/.nvm/versions/node/v5.12.0/bin/node" "/Users/samuelsanthosh/.nvm/versions/node/v5.12.0/bin/npm" "install" "--save" "css-modules-loader"
34 error node v5.12.0
35 error npm  v3.8.6
36 error code E404
37 error 404 Not found : css-modules-loader
38 error 404
39 error 404 'css-modules-loader' is not in the npm registry.
40 error 404 You should bug the author to publish it (or use the name yourself!)
41 error 404 Note that you can also install from a
42 error 404 tarball, folder, http url, or git url.
43 verbose exit [ 1, true ]
